[debug] [2023-05-09T15:11:38.725Z] ----------------------------------------------------------------------
[debug] [2023-05-09T15:11:38.728Z] Command:       C:\Program Files\nodejs\node.exe C:\Users\Mahdi\AppData\Roaming\npm\node_modules\firebase-tools\lib\bin\firebase.js deploy --project flamma19-imagemanager
[debug] [2023-05-09T15:11:38.729Z] CLI Version:   11.30.0
[debug] [2023-05-09T15:11:38.729Z] Platform:      win32
[debug] [2023-05-09T15:11:38.729Z] Node Version:  v18.0.0
[debug] [2023-05-09T15:11:38.730Z] Time:          Tue May 09 2023 19:41:38 GMT+0430 (Iran Daylight Time)
[debug] [2023-05-09T15:11:38.731Z] ----------------------------------------------------------------------
[debug] 
[debug] [2023-05-09T15:11:38.737Z] >>> [apiv2][query] GET https://firebase-public.firebaseio.com/cli.json [none]
[debug] [2023-05-09T15:11:38.984Z] > command requires scopes: ["email","openid","https://www.googleapis.com/auth/cloudplatformprojects.readonly","https://www.googleapis.com/auth/firebase","https://www.googleapis.com/auth/cloud-platform"]
[debug] [2023-05-09T15:11:38.984Z] > authorizing via signed-in user (mahdivafaii1999@gmail.com)
[debug] [2023-05-09T15:11:38.985Z] [iam] checking project flamma19-imagemanager for permissions ["firebase.projects.get","firebasehosting.sites.update"]
[debug] [2023-05-09T15:11:38.986Z] >>> [apiv2][query] POST https://cloudresourcemanager.googleapis.com/v1/projects/flamma19-imagemanager:testIamPermissions [none]
[debug] [2023-05-09T15:11:38.987Z] >>> [apiv2][(partial)header] POST https://cloudresourcemanager.googleapis.com/v1/projects/flamma19-imagemanager:testIamPermissions x-goog-quota-user=projects/flamma19-imagemanager
[debug] [2023-05-09T15:11:38.987Z] >>> [apiv2][body] POST https://cloudresourcemanager.googleapis.com/v1/projects/flamma19-imagemanager:testIamPermissions {"permissions":["firebase.projects.get","firebasehosting.sites.update"]}
[warn] !  Unable to fetch the CLI MOTD and remote config. 
[debug] [2023-05-09T15:11:39.132Z] Failed to fetch MOTD FirebaseError: Failed to make request to https://firebase-public.firebaseio.com/cli.json
[debug] [2023-05-09T15:11:39.642Z] <<< [apiv2][status] POST https://cloudresourcemanager.googleapis.com/v1/projects/flamma19-imagemanager:testIamPermissions 403
[debug] [2023-05-09T15:11:39.643Z] <<< [apiv2][body] POST https://cloudresourcemanager.googleapis.com/v1/projects/flamma19-imagemanager:testIamPermissions "<!DOCTYPE html>\n<html lang=en>\n  <meta charset=utf-8>\n  <meta name=viewport content=\"initial-scale=1, minimum-scale=1, width=device-width\">\n  <title>Error 403 (Forbidden)!!1</title>\n  <style>\n    *{margin:0;padding:0}html,code{font:15px/22px arial,sans-serif}html{background:#fff;color:#222;padding:15px}body{margin:7% auto 0;max-width:390px;min-height:180px;padding:30px 0 15px}* > body{background:url(//www.google.com/images/errors/robot.png) 100% 5px no-repeat;padding-right:205px}p{margin:11px 0 22px;overflow:hidden}ins{color:#777;text-decoration:none}a img{border:0}@media screen and (max-width:772px){body{background:none;margin-top:0;max-width:none;padding-right:0}}#logo{background:url(//www.google.com/images/branding/googlelogo/1x/googlelogo_color_150x54dp.png) no-repeat;margin-left:-5px}@media only screen and (min-resolution:192dpi){#logo{background:url(//www.google.com/images/branding/googlelogo/2x/googlelogo_color_150x54dp.png) no-repeat 0% 0%/100% 100%;-moz-border-image:url(//www.google.com/images/branding/googlelogo/2x/googlelogo_color_150x54dp.png) 0}}@media only screen and (-webkit-min-device-pixel-ratio:2){#logo{background:url(//www.google.com/images/branding/googlelogo/2x/googlelogo_color_150x54dp.png) no-repeat;-webkit-background-size:100% 100%}}#logo{display:inline-block;height:54px;width:150px}\n  </style>\n  <a href=//www.google.com/><span id=logo aria-label=Google></span></a>\n  <p><b>403.</b> <ins>That’s an error.</ins>\n  <p>Your client does not have permission to get URL <code>/v1/projects/flamma19-imagemanager:testIamPermissions</code> from this server.  <ins>That’s all we know.</ins>\n"
[debug] [2023-05-09T15:11:39.643Z] [iam] error while checking permissions, command may fail: FirebaseError: Unable to parse JSON: SyntaxError: Unexpected token < in JSON at position 0
[debug] [2023-05-09T15:11:39.646Z] >>> [apiv2][query] GET https://firebase.googleapis.com/v1beta1/projects/flamma19-imagemanager [none]
[debug] [2023-05-09T15:11:40.257Z] <<< [apiv2][status] GET https://firebase.googleapis.com/v1beta1/projects/flamma19-imagemanager 403
[debug] [2023-05-09T15:11:40.257Z] <<< [apiv2][body] GET https://firebase.googleapis.com/v1beta1/projects/flamma19-imagemanager "<!DOCTYPE html>\n<html lang=en>\n  <meta charset=utf-8>\n  <meta name=viewport content=\"initial-scale=1, minimum-scale=1, width=device-width\">\n  <title>Error 403 (Forbidden)!!1</title>\n  <style>\n    *{margin:0;padding:0}html,code{font:15px/22px arial,sans-serif}html{background:#fff;color:#222;padding:15px}body{margin:7% auto 0;max-width:390px;min-height:180px;padding:30px 0 15px}* > body{background:url(//www.google.com/images/errors/robot.png) 100% 5px no-repeat;padding-right:205px}p{margin:11px 0 22px;overflow:hidden}ins{color:#777;text-decoration:none}a img{border:0}@media screen and (max-width:772px){body{background:none;margin-top:0;max-width:none;padding-right:0}}#logo{background:url(//www.google.com/images/branding/googlelogo/1x/googlelogo_color_150x54dp.png) no-repeat;margin-left:-5px}@media only screen and (min-resolution:192dpi){#logo{background:url(//www.google.com/images/branding/googlelogo/2x/googlelogo_color_150x54dp.png) no-repeat 0% 0%/100% 100%;-moz-border-image:url(//www.google.com/images/branding/googlelogo/2x/googlelogo_color_150x54dp.png) 0}}@media only screen and (-webkit-min-device-pixel-ratio:2){#logo{background:url(//www.google.com/images/branding/googlelogo/2x/googlelogo_color_150x54dp.png) no-repeat;-webkit-background-size:100% 100%}}#logo{display:inline-block;height:54px;width:150px}\n  </style>\n  <a href=//www.google.com/><span id=logo aria-label=Google></span></a>\n  <p><b>403.</b> <ins>That’s an error.</ins>\n  <p>Your client does not have permission to get URL <code>/v1beta1/projects/flamma19-imagemanager</code> from this server.  <ins>That’s all we know.</ins>\n"
[debug] [2023-05-09T15:11:40.257Z] Unable to parse JSON: SyntaxError: Unexpected token < in JSON at position 0
[debug] [2023-05-09T15:11:40.263Z] FirebaseError: Unable to parse JSON: SyntaxError: Unexpected token < in JSON at position 0
    at RetryOperation._fn (C:\Users\Mahdi\AppData\Roaming\npm\node_modules\firebase-tools\lib\apiv2.js:260:39)
    at process.processTicksAndRejections (node:internal/process/task_queues:95:5)
[error] 
[error] Error: Failed to get Firebase project flamma19-imagemanager. Please make sure the project exists and your account has permission to access it.
